[2025-02-09 23:36:25,806] [INFO] [aiogram.dispatcher] Start polling
[2025-02-09 23:36:25,857] [INFO] [aiogram.dispatcher] Run polling for bot @checkbox_supertest_bot id=8192225578 - 'CheckboxMy'
[2025-02-09 23:36:29,140] [INFO] [handlers.start] [poll_kasa_loop] Polling kasa: Каса №1 for user: 892622176
[2025-02-09 23:36:29,140] [INFO] [handlers.start] [handle_shift_and_receipts] Handling kasa 'Каса №1' for user: 892622176
[2025-02-09 23:36:29,140] [INFO] [handlers.start] [handle_shift_and_receipts] Fetching cashier token for kasa 'Каса №1'
[2025-02-09 23:36:29,213] [INFO] [aiogram.event] Update id=591321380 is handled. Duration 250 ms by bot id=8192225578
[2025-02-09 23:36:29,496] [INFO] [handlers.start] [handle_shift_and_receipts] Current shift ID for kasa 'Каса №1': f4b99381-1d12-42d1-9a16-1a8c68aa2c58
[2025-02-09 23:36:29,643] [INFO] [handlers.start] [handle_shift_and_receipts] Shift info fetched for kasa 'Каса №1'
[2025-02-09 23:36:29,707] [INFO] [handlers.start] [handle_shift_and_receipts] Shift closed for kasa 'Каса №1'
[2025-02-09 23:36:29,936] [ERROR] [services.checkbox_api] [get_report_pdf] Error fetching report: Status 400, Response: {"message":"Зміну не відкрито"}
[2025-02-09 23:36:29,937] [ERROR] [handlers.start] [handle_shift_and_receipts] Не вдалося отримати Z звіт для зміни (f4b99381-1d12-42d1-9a16-1a8c68aa2c58).
[2025-02-09 23:36:59,946] [INFO] [handlers.start] [poll_kasa_loop] Polling kasa: Каса №1 for user: 892622176
[2025-02-09 23:36:59,946] [INFO] [handlers.start] [handle_shift_and_receipts] Handling kasa 'Каса №1' for user: 892622176
[2025-02-09 23:37:00,092] [INFO] [handlers.start] [handle_shift_and_receipts] Current shift ID for kasa 'Каса №1': 6930d5b7-2d8a-42bb-87ac-635b0fda3eb6
[2025-02-09 23:37:00,240] [INFO] [handlers.start] [handle_shift_and_receipts] Shift info fetched for kasa 'Каса №1'
[2025-02-09 23:37:00,240] [INFO] [handlers.start] [handle_shift_and_receipts] Shift opened for kasa 'Каса №1' (ID: 6930d5b7-2d8a-42bb-87ac-635b0fda3eb6)
[2025-02-09 23:37:00,613] [ERROR] [services.checkbox_api] [get_report_pdf] Returned data does not look like a PDF.
[2025-02-09 23:37:00,613] [ERROR] [handlers.start] [handle_shift_and_receipts] Не вдалося отримати X звіт для зміни (6930d5b7-2d8a-42bb-87ac-635b0fda3eb6).
[2025-02-09 23:37:00,747] [INFO] [handlers.start] [Fetch] No new receipts found on 'Каса №1'
[2025-02-09 23:37:10,750] [INFO] [handlers.start] [poll_kasa_loop] Polling kasa: Каса №1 for user: 892622176
[2025-02-09 23:37:10,750] [INFO] [handlers.start] [handle_shift_and_receipts] Handling kasa 'Каса №1' for user: 892622176
[2025-02-09 23:37:10,959] [INFO] [handlers.start] [handle_shift_and_receipts] Current shift ID for kasa 'Каса №1': 6930d5b7-2d8a-42bb-87ac-635b0fda3eb6
[2025-02-09 23:37:11,100] [INFO] [handlers.start] [handle_shift_and_receipts] Shift info fetched for kasa 'Каса №1'
[2025-02-09 23:37:11,100] [INFO] [handlers.start] [handle_shift_and_receipts] No change in shift status for kasa 'Каса №1'
[2025-02-09 23:37:11,243] [INFO] [handlers.start] [Fetch] No new receipts found on 'Каса №1'
[2025-02-09 23:37:21,247] [INFO] [handlers.start] [poll_kasa_loop] Polling kasa: Каса №1 for user: 892622176
[2025-02-09 23:37:21,247] [INFO] [handlers.start] [handle_shift_and_receipts] Handling kasa 'Каса №1' for user: 892622176
[2025-02-09 23:37:21,413] [INFO] [handlers.start] [handle_shift_and_receipts] Current shift ID for kasa 'Каса №1': 6930d5b7-2d8a-42bb-87ac-635b0fda3eb6
[2025-02-09 23:37:21,568] [INFO] [handlers.start] [handle_shift_and_receipts] Shift info fetched for kasa 'Каса №1'
[2025-02-09 23:37:21,568] [INFO] [handlers.start] [handle_shift_and_receipts] No change in shift status for kasa 'Каса №1'
[2025-02-09 23:37:21,708] [INFO] [handlers.start] [Fetch] No new receipts found on 'Каса №1'
[2025-02-09 23:37:31,707] [INFO] [handlers.start] [poll_kasa_loop] Polling kasa: Каса №1 for user: 892622176
[2025-02-09 23:37:31,707] [INFO] [handlers.start] [handle_shift_and_receipts] Handling kasa 'Каса №1' for user: 892622176
[2025-02-09 23:37:31,855] [INFO] [handlers.start] [handle_shift_and_receipts] Current shift ID for kasa 'Каса №1': 6930d5b7-2d8a-42bb-87ac-635b0fda3eb6
[2025-02-09 23:37:32,006] [INFO] [handlers.start] [handle_shift_and_receipts] Shift info fetched for kasa 'Каса №1'
[2025-02-09 23:37:32,006] [INFO] [handlers.start] [handle_shift_and_receipts] No change in shift status for kasa 'Каса №1'
[2025-02-09 23:37:32,132] [INFO] [handlers.start] [Fetch] No new receipts found on 'Каса №1'
[2025-02-09 23:37:42,139] [INFO] [handlers.start] [poll_kasa_loop] Polling kasa: Каса №1 for user: 892622176
[2025-02-09 23:37:42,139] [INFO] [handlers.start] [handle_shift_and_receipts] Handling kasa 'Каса №1' for user: 892622176
[2025-02-09 23:37:42,292] [INFO] [handlers.start] [handle_shift_and_receipts] Current shift ID for kasa 'Каса №1': 6930d5b7-2d8a-42bb-87ac-635b0fda3eb6
[2025-02-09 23:37:42,432] [INFO] [handlers.start] [handle_shift_and_receipts] Shift info fetched for kasa 'Каса №1'
[2025-02-09 23:37:42,433] [INFO] [handlers.start] [handle_shift_and_receipts] No change in shift status for kasa 'Каса №1'
[2025-02-09 23:37:42,562] [INFO] [handlers.start] [Fetch] No new receipts found on 'Каса №1'
